<?xml version="1.0" encoding="UTF-8"?>
<!-- Generated by org.testng.reporters.JUnitReportReporter -->
<testsuite hostname="Suhas_Gangane" failures="0" tests="1" name="TestLayer.LoginPageTest" time="0.238" errors="0" timestamp="2024-07-20T23:58:05 IST" skipped="0">
  <testcase classname="TestLayer.LoginPageTest" name="validateLoginPage" time="0.238"/>
  <system-out/>
</testsuite> <!-- TestLayer.LoginPageTest -->
